<?xml version="1.0" encoding="UTF-8"?>
<!-- Generated by org.testng.reporters.JUnitXMLReporter -->
<testsuite hostname="usnycpww4300" name="Default test" tests="1" failures="0" timestamp="30 Jun 2015 15:22:32 GMT" time="0.415" errors="0">
  <testcase name="@BeforeClass setUp" time="0.0" classname="mobile.test.iPhoneTestRun">
    <failure type="org.openqa.selenium.remote.UnreachableBrowserException" message="Could not start a new session. Possible causes are invalid address of the remote server or browser start-up failure.
Build info: version: &amp;apos;2.37.0&amp;apos;, revision: &amp;apos;a7c61cbd68657e133ae96672cf995890bad2ee42&amp;apos;, time: &amp;apos;2013-10-18 09:51:02&amp;apos;
System info: host: &amp;apos;usnycpww4300&amp;apos;, ip: &amp;apos;169.254.126.133&amp;apos;, os.name: &amp;apos;Mac OS X&amp;apos;, os.arch: &amp;apos;x86_64&amp;apos;, os.version: &amp;apos;10.9.5&amp;apos;, java.version: &amp;apos;1.6.0_65&amp;apos;
Driver info: driver.version: IPhoneDriver">
      <![CDATA[org.openqa.selenium.remote.UnreachableBrowserException: Could not start a new session. Possible causes are invalid address of the remote server or browser start-up failure.
Build info: version: '2.37.0', revision: 'a7c61cbd68657e133ae96672cf995890bad2ee42', time: '2013-10-18 09:51:02'
System info: host: 'usnycpww4300', ip: '169.254.126.133', os.name: 'Mac OS X', os.arch: 'x86_64', os.version: '10.9.5', java.version: '1.6.0_65'
Driver info: driver.version: IPhoneDriver
	at org.openqa.selenium.remote.RemoteWebDriver.execute(RemoteWebDriver.java:548)
	at org.openqa.selenium.remote.RemoteWebDriver.startSession(RemoteWebDriver.java:216)
	at org.openqa.selenium.remote.RemoteWebDriver.<init>(RemoteWebDriver.java:111)
	at org.openqa.selenium.remote.RemoteWebDriver.<init>(RemoteWebDriver.java:129)
	at org.openqa.selenium.iphone.IPhoneDriver.<init>(IPhoneDriver.java:80)
	at org.openqa.selenium.iphone.IPhoneDriver.<init>(IPhoneDriver.java:91)
	at org.openqa.selenium.iphone.IPhoneDriver.<init>(IPhoneDriver.java:100)
	at mobile.test.iPhoneTestRun.setUp(iPhoneTestRun.java:16)
	at sun.reflect.NativeMethodAccessorImpl.invoke0(Native Method)
	at sun.reflect.NativeMethodAccessorImpl.invoke(NativeMethodAccessorImpl.java:39)
	at sun.reflect.DelegatingMethodAccessorImpl.invoke(DelegatingMethodAccessorImpl.java:25)
	at java.lang.reflect.Method.invoke(Method.java:597)
	at org.testng.internal.MethodInvocationHelper.invokeMethod(MethodInvocationHelper.java:84)
	at org.testng.internal.Invoker.invokeConfigurationMethod(Invoker.java:564)
	at org.testng.internal.Invoker.invokeConfigurations(Invoker.java:213)
	at org.testng.internal.Invoker.invokeConfigurations(Invoker.java:138)
	at org.testng.internal.TestMethodWorker.invokeBeforeClassMethods(TestMethodWorker.java:175)
	at org.testng.internal.TestMethodWorker.run(TestMethodWorker.java:107)
	at org.testng.TestRunner.privateRun(TestRunner.java:767)
	at org.testng.TestRunner.run(TestRunner.java:617)
	at org.testng.SuiteRunner.runTest(SuiteRunner.java:334)
	at org.testng.SuiteRunner.runSequentially(SuiteRunner.java:329)
	at org.testng.SuiteRunner.privateRun(SuiteRunner.java:291)
	at org.testng.SuiteRunner.run(SuiteRunner.java:240)
	at org.testng.SuiteRunnerWorker.runSuite(SuiteRunnerWorker.java:52)
	at org.testng.SuiteRunnerWorker.run(SuiteRunnerWorker.java:86)
	at org.testng.TestNG.runSuitesSequentially(TestNG.java:1224)
	at org.testng.TestNG.runSuitesLocally(TestNG.java:1149)
	at org.testng.TestNG.run(TestNG.java:1057)
	at org.testng.remote.RemoteTestNG.run(RemoteTestNG.java:111)
	at org.testng.remote.RemoteTestNG.initAndRun(RemoteTestNG.java:204)
	at org.testng.remote.RemoteTestNG.main(RemoteTestNG.java:175)
Caused by: java.net.ConnectException: Connection refused
	at java.net.PlainSocketImpl.socketConnect(Native Method)
	at java.net.PlainSocketImpl.doConnect(PlainSocketImpl.java:382)
	at java.net.PlainSocketImpl.connectToAddress(PlainSocketImpl.java:241)
	at java.net.PlainSocketImpl.connect(PlainSocketImpl.java:228)
	at java.net.SocksSocketImpl.connect(SocksSocketImpl.java:431)
	at java.net.Socket.connect(Socket.java:527)
	at org.apache.http.conn.scheme.PlainSocketFactory.connectSocket(PlainSocketFactory.java:117)
	at org.apache.http.impl.conn.DefaultClientConnectionOperator.openConnection(DefaultClientConnectionOperator.java:177)
	at org.apache.http.impl.conn.AbstractPoolEntry.open(AbstractPoolEntry.java:144)
	at org.apache.http.impl.conn.AbstractPooledConnAdapter.open(AbstractPooledConnAdapter.java:131)
	at org.apache.http.impl.client.DefaultRequestDirector.tryConnect(DefaultRequestDirector.java:611)
	at org.apache.http.impl.client.DefaultRequestDirector.execute(DefaultRequestDirector.java:446)
	at org.apache.http.impl.client.AbstractHttpClient.doExecute(AbstractHttpClient.java:863)
	at org.apache.http.impl.client.CloseableHttpClient.execute(CloseableHttpClient.java:72)
	at org.apache.http.impl.client.CloseableHttpClient.execute(CloseableHttpClient.java:57)
	at org.openqa.selenium.remote.HttpCommandExecutor.fallBackExecute(HttpCommandExecutor.java:319)
	at org.openqa.selenium.remote.HttpCommandExecutor.execute(HttpCommandExecutor.java:298)
	at org.openqa.selenium.remote.RemoteWebDriver.execute(RemoteWebDriver.java:527)
	... 31 more
]]>
    </failure>
  </testcase> <!-- @BeforeClass setUp -->
  <testcase name="@AfterClass tearDown" time="0.0" classname="mobile.test.iPhoneTestRun">
    <skipped/>
  </testcase> <!-- @AfterClass tearDown -->
  <testcase name="measurePerformance" time="0.0070" classname="mobile.test.iPhoneTestRun">
    <skipped/>
  </testcase> <!-- measurePerformance -->
</testsuite> <!-- Default test -->
