<?xml version="1.0" encoding="UTF-8"?>
<!-- Generated by org.testng.reporters.JUnitXMLReporter -->
<testsuite hostname="usnycpww4300" name="Default test" tests="1" failures="1" timestamp="21 May 2015 18:11:17 GMT" time="51.787" errors="0">
  <testcase name="run" time="51.765" classname="mobile.test.CrestLinks">
    <failure type="org.openqa.selenium.WebDriverException" message="Failed to connect to binary FirefoxBinary(/Applications/Firefox.app/Contents/MacOS/firefox-bin) on port 7055; process output follows: 
e: blocklist is disabled
1432231832251	addons.xpi-utils	DEBUG	Make addon app-profile:fxdriver@googlecode.com visible
1432231832252	DeferredSave.extensions.json	DEBUG	Save changes
1432231832252	DeferredSave.extensions.json	DEBUG	Save changes
1432231832252	addons.xpi	DEBUG	New add-on {972ce4c6-7e08-4474-a285-3208198ce6fd} installed in app-global
1432231832253	addons.xpi-utils	DEBUG	Make addon app-global:{972ce4c6-7e08-4474-a285-3208198ce6fd} visible
1432231832253	DeferredSave.extensions.json	DEBUG	Save changes
1432231832253	DeferredSave.extensions.json	DEBUG	Save changes
1432231832253	addons.xpi	DEBUG	New add-on web2pdfextension@web2pdf.adobedotcom installed in app-system-local
1432231832255	addons.xpi-utils	DEBUG	Make addon app-system-local:web2pdfextension@web2pdf.adobedotcom visible
1432231832255	DeferredSave.extensions.json	DEBUG	Save changes
1432231832255	DeferredSave.extensions.json	DEBUG	Save changes
1432231832257	addons.xpi	DEBUG	Updating database with changes to installed add-ons
1432231832257	addons.xpi-utils	DEBUG	Updating add-on states
1432231832257	addons.xpi-utils	DEBUG	Writing add-ons list
1432231832260	addons.manager	DEBUG	Registering shutdown blocker for XPIProvider
1432231832260	addons.manager	DEBUG	Registering shutdown blocker for LightweightThemeManager
1432231832261	addons.manager	DEBUG	Registering shutdown blocker for OpenH264Provider
1432231832261	addons.manager	DEBUG	Registering shutdown blocker for PluginProvider
1432231832428	DeferredSave.extensions.json	DEBUG	Starting timer
1432231832455	DeferredSave.extensions.json	DEBUG	Starting write
1432231832457	addons.manager	DEBUG	shutdown
1432231832457	addons.manager	DEBUG	Calling shutdown blocker for XPIProvider
1432231832458	addons.xpi	DEBUG	shutdown
1432231832458	addons.xpi-utils	DEBUG	shutdown
1432231832458	addons.manager	DEBUG	Calling shutdown blocker for LightweightThemeManager
1432231832458	addons.manager	DEBUG	Calling shutdown blocker for OpenH264Provider
1432231832459	addons.manager	DEBUG	Calling shutdown blocker for PluginProvider
1432231832492	DeferredSave.extensions.json	DEBUG	Write succeeded
1432231832492	addons.xpi-utils	DEBUG	XPI Database saved, setting schema version preference to 16
1432231832492	addons.xpi	DEBUG	Notifying XPI shutdown observers
1432231832494	addons.manager	DEBUG	Async provider shutdown done
1432231832800	addons.manager	DEBUG	Loaded provider scope for resource://gre/modules/addons/XPIProvider.jsm: [&amp;quot;XPIProvider&amp;quot;]
1432231832801	addons.manager	DEBUG	Loaded provider scope for resource://gre/modules/LightweightThemeManager.jsm: [&amp;quot;LightweightThemeManager&amp;quot;]
1432231832803	addons.xpi	DEBUG	startup
1432231832803	addons.xpi	INFO	Mapping web2pdfextension@web2pdf.adobedotcom to /Library/Application Support/Mozilla/Extensions/{ec8030f7-c20a-464f-9b0e-13a3a9e97384}/web2pdfextension@web2pdf.adobedotcom
1432231832804	addons.xpi	DEBUG	Skipping unavailable install location app-system-share
1432231832804	addons.xpi	INFO	Mapping {972ce4c6-7e08-4474-a285-3208198ce6fd} to /Applications/Firefox.app/Contents/Resources/browser/extensions/{972ce4c6-7e08-4474-a285-3208198ce6fd}
1432231832804	addons.xpi	INFO	Mapping fxdriver@googlecode.com to /var/folders/gd/k5lsk02s4gdbr4f350qydgwnxp8pg6/T/anonymous3825441780281773481webdriver-profile/extensions/fxdriver@googlecode.com
1432231832804	addons.xpi	DEBUG	Ignoring file entry whose name is not a valid add-on ID: /var/folders/gd/k5lsk02s4gdbr4f350qydgwnxp8pg6/T/anonymous3825441780281773481webdriver-profile/extensions/webdriver-staging
1432231832804	addons.xpi	DEBUG	checkForChanges
1432231832807	addons.xpi	DEBUG	No changes found
1432231832810	addons.manager	DEBUG	Registering shutdown blocker for XPIProvider
1432231832810	addons.manager	DEBUG	Registering shutdown blocker for LightweightThemeManager
1432231832811	addons.manager	DEBUG	Registering shutdown blocker for OpenH264Provider
1432231832811	addons.manager	DEBUG	Registering shutdown blocker for PluginProvider
*** Blocklist::_preloadBlocklistFile: blocklist is disabled
1432231833505	addons.manager	DEBUG	Registering shutdown blocker for &amp;lt;unnamed-provider&amp;gt;

Build info: version: &amp;apos;2.37.0&amp;apos;, revision: &amp;apos;a7c61cbd68657e133ae96672cf995890bad2ee42&amp;apos;, time: &amp;apos;2013-10-18 09:51:02&amp;apos;
System info: host: &amp;apos;usnycpww4300&amp;apos;, ip: &amp;apos;10.6.6.142&amp;apos;, os.name: &amp;apos;Mac OS X&amp;apos;, os.arch: &amp;apos;x86_64&amp;apos;, os.version: &amp;apos;10.9.5&amp;apos;, java.version: &amp;apos;1.7.0_51&amp;apos;
Driver info: driver.version: FirefoxDriver">
      <![CDATA[org.openqa.selenium.WebDriverException: Failed to connect to binary FirefoxBinary(/Applications/Firefox.app/Contents/MacOS/firefox-bin) on port 7055; process output follows: 
e: blocklist is disabled
1432231832251	addons.xpi-utils	DEBUG	Make addon app-profile:fxdriver@googlecode.com visible
1432231832252	DeferredSave.extensions.json	DEBUG	Save changes
1432231832252	DeferredSave.extensions.json	DEBUG	Save changes
1432231832252	addons.xpi	DEBUG	New add-on {972ce4c6-7e08-4474-a285-3208198ce6fd} installed in app-global
1432231832253	addons.xpi-utils	DEBUG	Make addon app-global:{972ce4c6-7e08-4474-a285-3208198ce6fd} visible
1432231832253	DeferredSave.extensions.json	DEBUG	Save changes
1432231832253	DeferredSave.extensions.json	DEBUG	Save changes
1432231832253	addons.xpi	DEBUG	New add-on web2pdfextension@web2pdf.adobedotcom installed in app-system-local
1432231832255	addons.xpi-utils	DEBUG	Make addon app-system-local:web2pdfextension@web2pdf.adobedotcom visible
1432231832255	DeferredSave.extensions.json	DEBUG	Save changes
1432231832255	DeferredSave.extensions.json	DEBUG	Save changes
1432231832257	addons.xpi	DEBUG	Updating database with changes to installed add-ons
1432231832257	addons.xpi-utils	DEBUG	Updating add-on states
1432231832257	addons.xpi-utils	DEBUG	Writing add-ons list
1432231832260	addons.manager	DEBUG	Registering shutdown blocker for XPIProvider
1432231832260	addons.manager	DEBUG	Registering shutdown blocker for LightweightThemeManager
1432231832261	addons.manager	DEBUG	Registering shutdown blocker for OpenH264Provider
1432231832261	addons.manager	DEBUG	Registering shutdown blocker for PluginProvider
1432231832428	DeferredSave.extensions.json	DEBUG	Starting timer
1432231832455	DeferredSave.extensions.json	DEBUG	Starting write
1432231832457	addons.manager	DEBUG	shutdown
1432231832457	addons.manager	DEBUG	Calling shutdown blocker for XPIProvider
1432231832458	addons.xpi	DEBUG	shutdown
1432231832458	addons.xpi-utils	DEBUG	shutdown
1432231832458	addons.manager	DEBUG	Calling shutdown blocker for LightweightThemeManager
1432231832458	addons.manager	DEBUG	Calling shutdown blocker for OpenH264Provider
1432231832459	addons.manager	DEBUG	Calling shutdown blocker for PluginProvider
1432231832492	DeferredSave.extensions.json	DEBUG	Write succeeded
1432231832492	addons.xpi-utils	DEBUG	XPI Database saved, setting schema version preference to 16
1432231832492	addons.xpi	DEBUG	Notifying XPI shutdown observers
1432231832494	addons.manager	DEBUG	Async provider shutdown done
1432231832800	addons.manager	DEBUG	Loaded provider scope for resource://gre/modules/addons/XPIProvider.jsm: ["XPIProvider"]
1432231832801	addons.manager	DEBUG	Loaded provider scope for resource://gre/modules/LightweightThemeManager.jsm: ["LightweightThemeManager"]
1432231832803	addons.xpi	DEBUG	startup
1432231832803	addons.xpi	INFO	Mapping web2pdfextension@web2pdf.adobedotcom to /Library/Application Support/Mozilla/Extensions/{ec8030f7-c20a-464f-9b0e-13a3a9e97384}/web2pdfextension@web2pdf.adobedotcom
1432231832804	addons.xpi	DEBUG	Skipping unavailable install location app-system-share
1432231832804	addons.xpi	INFO	Mapping {972ce4c6-7e08-4474-a285-3208198ce6fd} to /Applications/Firefox.app/Contents/Resources/browser/extensions/{972ce4c6-7e08-4474-a285-3208198ce6fd}
1432231832804	addons.xpi	INFO	Mapping fxdriver@googlecode.com to /var/folders/gd/k5lsk02s4gdbr4f350qydgwnxp8pg6/T/anonymous3825441780281773481webdriver-profile/extensions/fxdriver@googlecode.com
1432231832804	addons.xpi	DEBUG	Ignoring file entry whose name is not a valid add-on ID: /var/folders/gd/k5lsk02s4gdbr4f350qydgwnxp8pg6/T/anonymous3825441780281773481webdriver-profile/extensions/webdriver-staging
1432231832804	addons.xpi	DEBUG	checkForChanges
1432231832807	addons.xpi	DEBUG	No changes found
1432231832810	addons.manager	DEBUG	Registering shutdown blocker for XPIProvider
1432231832810	addons.manager	DEBUG	Registering shutdown blocker for LightweightThemeManager
1432231832811	addons.manager	DEBUG	Registering shutdown blocker for OpenH264Provider
1432231832811	addons.manager	DEBUG	Registering shutdown blocker for PluginProvider
*** Blocklist::_preloadBlocklistFile: blocklist is disabled
1432231833505	addons.manager	DEBUG	Registering shutdown blocker for <unnamed-provider>

Build info: version: '2.37.0', revision: 'a7c61cbd68657e133ae96672cf995890bad2ee42', time: '2013-10-18 09:51:02'
System info: host: 'usnycpww4300', ip: '10.6.6.142', os.name: 'Mac OS X', os.arch: 'x86_64', os.version: '10.9.5', java.version: '1.7.0_51'
Driver info: driver.version: FirefoxDriver
	at org.openqa.selenium.firefox.internal.NewProfileExtensionConnection.start(NewProfileExtensionConnection.java:120)
	at org.openqa.selenium.firefox.FirefoxDriver.startClient(FirefoxDriver.java:250)
	at org.openqa.selenium.remote.RemoteWebDriver.<init>(RemoteWebDriver.java:110)
	at org.openqa.selenium.firefox.FirefoxDriver.<init>(FirefoxDriver.java:195)
	at org.openqa.selenium.firefox.FirefoxDriver.<init>(FirefoxDriver.java:190)
	at org.openqa.selenium.firefox.FirefoxDriver.<init>(FirefoxDriver.java:186)
	at org.openqa.selenium.firefox.FirefoxDriver.<init>(FirefoxDriver.java:99)
	at mobile.test.CrestLinks.run(CrestLinks.java:49)
	at sun.reflect.NativeMethodAccessorImpl.invoke0(Native Method)
	at java.lang.reflect.Method.invoke(Method.java:606)
Caused by: org.openqa.selenium.firefox.NotConnectedException: Unable to connect to host 127.0.0.1 on port 7055 after 45000 ms. Firefox console output:
e: blocklist is disabled
1432231832251	addons.xpi-utils	DEBUG	Make addon app-profile:fxdriver@googlecode.com visible
1432231832252	DeferredSave.extensions.json	DEBUG	Save changes
1432231832252	DeferredSave.extensions.json	DEBUG	Save changes
1432231832252	addons.xpi	DEBUG	New add-on {972ce4c6-7e08-4474-a285-3208198ce6fd} installed in app-global
1432231832253	addons.xpi-utils	DEBUG	Make addon app-global:{972ce4c6-7e08-4474-a285-3208198ce6fd} visible
1432231832253	DeferredSave.extensions.json	DEBUG	Save changes
1432231832253	DeferredSave.extensions.json	DEBUG	Save changes
1432231832253	addons.xpi	DEBUG	New add-on web2pdfextension@web2pdf.adobedotcom installed in app-system-local
1432231832255	addons.xpi-utils	DEBUG	Make addon app-system-local:web2pdfextension@web2pdf.adobedotcom visible
1432231832255	DeferredSave.extensions.json	DEBUG	Save changes
1432231832255	DeferredSave.extensions.json	DEBUG	Save changes
1432231832257	addons.xpi	DEBUG	Updating database with changes to installed add-ons
1432231832257	addons.xpi-utils	DEBUG	Updating add-on states
1432231832257	addons.xpi-utils	DEBUG	Writing add-ons list
1432231832260	addons.manager	DEBUG	Registering shutdown blocker for XPIProvider
1432231832260	addons.manager	DEBUG	Registering shutdown blocker for LightweightThemeManager
1432231832261	addons.manager	DEBUG	Registering shutdown blocker for OpenH264Provider
1432231832261	addons.manager	DEBUG	Registering shutdown blocker for PluginProvider
1432231832428	DeferredSave.extensions.json	DEBUG	Starting timer
1432231832455	DeferredSave.extensions.json	DEBUG	Starting write
1432231832457	addons.manager	DEBUG	shutdown
1432231832457	addons.manager	DEBUG	Calling shutdown blocker for XPIProvider
1432231832458	addons.xpi	DEBUG	shutdown
1432231832458	addons.xpi-utils	DEBUG	shutdown
1432231832458	addons.manager	DEBUG	Calling shutdown blocker for LightweightThemeManager
1432231832458	addons.manager	DEBUG	Calling shutdown blocker for OpenH264Provider
1432231832459	addons.manager	DEBUG	Calling shutdown blocker for PluginProvider
1432231832492	DeferredSave.extensions.json	DEBUG	Write succeeded
1432231832492	addons.xpi-utils	DEBUG	XPI Database saved, setting schema version preference to 16
1432231832492	addons.xpi	DEBUG	Notifying XPI shutdown observers
1432231832494	addons.manager	DEBUG	Async provider shutdown done
1432231832800	addons.manager	DEBUG	Loaded provider scope for resource://gre/modules/addons/XPIProvider.jsm: ["XPIProvider"]
1432231832801	addons.manager	DEBUG	Loaded provider scope for resource://gre/modules/LightweightThemeManager.jsm: ["LightweightThemeManager"]
1432231832803	addons.xpi	DEBUG	startup
1432231832803	addons.xpi	INFO	Mapping web2pdfextension@web2pdf.adobedotcom to /Library/Application Support/Mozilla/Extensions/{ec8030f7-c20a-464f-9b0e-13a3a9e97384}/web2pdfextension@web2pdf.adobedotcom
1432231832804	addons.xpi	DEBUG	Skipping unavailable install location app-system-share
1432231832804	addons.xpi	INFO	Mapping {972ce4c6-7e08-4474-a285-3208198ce6fd} to /Applications/Firefox.app/Contents/Resources/browser/extensions/{972ce4c6-7e08-4474-a285-3208198ce6fd}
1432231832804	addons.xpi	INFO	Mapping fxdriver@googlecode.com to /var/folders/gd/k5lsk02s4gdbr4f350qydgwnxp8pg6/T/anonymous3825441780281773481webdriver-profile/extensions/fxdriver@googlecode.com
1432231832804	addons.xpi	DEBUG	Ignoring file entry whose name is not a valid add-on ID: /var/folders/gd/k5lsk02s4gdbr4f350qydgwnxp8pg6/T/anonymous3825441780281773481webdriver-profile/extensions/webdriver-staging
1432231832804	addons.xpi	DEBUG	checkForChanges
1432231832807	addons.xpi	DEBUG	No changes found
1432231832810	addons.manager	DEBUG	Registering shutdown blocker for XPIProvider
1432231832810	addons.manager	DEBUG	Registering shutdown blocker for LightweightThemeManager
1432231832811	addons.manager	DEBUG	Registering shutdown blocker for OpenH264Provider
1432231832811	addons.manager	DEBUG	Registering shutdown blocker for PluginProvider
*** Blocklist::_preloadBlocklistFile: blocklist is disabled
1432231833505	addons.manager	DEBUG	Registering shutdown blocker for <unnamed-provider>

	at org.openqa.selenium.firefox.internal.NewProfileExtensionConnection.start(NewProfileExtensionConnection.java:108)
	... 9 more
]]>
    </failure>
  </testcase> <!-- run -->
</testsuite> <!-- Default test -->
